<?xml version="1.0" encoding="UTF-8"?>
<!-- Generated by org.testng.reporters.JUnitReportReporter -->
<testsuite hostname="Heenas-MacBook-Air.local" failures="0" tests="4" name="heena.TestBasics" time="0.003" errors="0" timestamp="2026-01-30T23:03:53 EST" skipped="0">
  <testcase classname="heena.TestBasics" name="c" time="0.000"/>
  <testcase classname="heena.TestBasics" name="a" time="0.003"/>
  <testcase classname="heena.TestBasics" name="d" time="0.000"/>
  <testcase classname="heena.TestBasics" name="f" time="0.000"/>
</testsuite> <!-- heena.TestBasics -->
