<?xml version="1.0" encoding="UTF-8"?>
<!-- Generated by org.testng.reporters.JUnitReportReporter -->
<testsuite hostname="Heenas-MacBook-Air.local" failures="0" tests="3" name="heena.TestExecutionOrder" time="3.862" errors="0" timestamp="2026-02-06T10:24:24 EST" skipped="0">
  <testcase classname="heena.TestExecutionOrder" name="launchMyApp" time="1.561"/>
  <testcase classname="heena.TestExecutionOrder" name="urlofmypage" time="1.155"/>
  <testcase classname="heena.TestExecutionOrder" name="title" time="1.146"/>
</testsuite> <!-- heena.TestExecutionOrder -->
