<?xml version="1.0" encoding="UTF-8"?>
<!-- Generated by org.testng.reporters.JUnitReportReporter -->
<testsuite hostname="Heenas-MacBook-Air.local" failures="0" tests="3" name="heena.AssignmentDataProvider" time="27.257" errors="0" timestamp="2026-02-01T10:40:45 EST" skipped="0">
  <testcase classname="heena.AssignmentDataProvider" name="selectphone" time="8.628"/>
  <testcase classname="heena.AssignmentDataProvider" name="selectphone" time="9.784"/>
  <testcase classname="heena.AssignmentDataProvider" name="selectphone" time="8.845"/>
</testsuite> <!-- heena.AssignmentDataProvider -->
