<?xml version="1.0" encoding="UTF-8"?>
<!-- Generated by org.testng.reporters.JUnitReportReporter -->
<testsuite hostname="Heenas-MacBook-Air.local" failures="0" tests="3" name="basics.Google" time="1.452" errors="0" timestamp="2026-02-05T10:23:22 EST" skipped="0">
  <testcase classname="basics.Google" name="urlofmypage" time="0.003"/>
  <testcase classname="basics.Google" name="launchMyApp" time="1.445"/>
  <testcase classname="basics.Google" name="title" time="0.004"/>
</testsuite> <!-- basics.Google -->
