<?xml version="1.0" encoding="UTF-8"?>
<!-- Generated by org.testng.reporters.JUnitReportReporter -->
<testsuite hostname="Heenas-MacBook-Air.local" failures="0" tests="4" name="takescreenshots.Checks" time="4.768" errors="0" timestamp="2026-02-05T09:44:03 EST" skipped="0">
  <testcase classname="takescreenshots.Checks" name="launchMyApp" time="0.495"/>
  <testcase classname="takescreenshots.Checks" name="urlofmypage" time="0.004"/>
  <testcase classname="takescreenshots.Checks" name="productclick" time="4.260"/>
  <testcase classname="takescreenshots.Checks" name="title" time="0.009"/>
</testsuite> <!-- takescreenshots.Checks -->
