<?xml version="1.0" encoding="UTF-8"?>
<!-- Generated by org.testng.reporters.JUnitReportReporter -->
<testsuite hostname="Heenas-MacBook-Air.local" failures="0" tests="3" name="heena.TestAmz" time="1.258" errors="0" timestamp="2026-02-06T10:24:24 EST" skipped="0">
  <testcase classname="heena.TestAmz" name="urlofmypage" time="0.420"/>
  <testcase classname="heena.TestAmz" name="launchMyApp" time="0.420"/>
  <testcase classname="heena.TestAmz" name="title" time="0.418"/>
</testsuite> <!-- heena.TestAmz -->
