<?xml version="1.0" encoding="UTF-8"?>
<!-- Generated by org.testng.reporters.JUnitReportReporter -->
<testsuite hostname="Heenas-MacBook-Air.local" failures="0" tests="4" name="basics.DemoBalze" time="6.235" errors="0" timestamp="2026-02-05T10:30:12 EST" skipped="0">
  <testcase classname="basics.DemoBalze" name="urlofmypage" time="0.004"/>
  <testcase classname="basics.DemoBalze" name="launchMyApp" time="1.953"/>
  <testcase classname="basics.DemoBalze" name="productclick" time="4.271"/>
  <testcase classname="basics.DemoBalze" name="title" time="0.007"/>
</testsuite> <!-- basics.DemoBalze -->
